<?xml version="1.0" encoding="UTF-8"?>
<!-- Generated by org.testng.reporters.JUnitReportReporter -->
<testsuite hostname="BLRPTSLT29SSJG3" failures="0" tests="1" name="p29.Demo1" time="6.498" errors="0" timestamp="02 Mar 2022 02:44:43 GMT" skipped="0">
  <testcase classname="p29.Demo1" name="testA" time="6.498"/>
</testsuite> <!-- p29.Demo1 -->
