<?xml version="1.0" encoding="UTF-8"?>
<!-- Generated by org.testng.reporters.JUnitReportReporter -->
<testsuite hostname="BLRPTSLT29SSJG3" failures="0" tests="1" name="script.ValidLogin" time="12.529" errors="0" timestamp="07 Mar 2022 04:03:49 GMT" skipped="0">
  <testcase classname="script.ValidLogin" name="testValidLogin" time="12.529"/>
</testsuite> <!-- script.ValidLogin -->
