<?xml version="1.0" encoding="UTF-8"?>
<!-- Generated by org.testng.reporters.JUnitReportReporter -->
<testsuite hostname="BLRPTSLT29SSJG3" failures="0" tests="1" name="script.Test1" time="20.494" errors="0" timestamp="07 Mar 2022 03:37:23 GMT" skipped="0">
  <testcase classname="script.Test1" name="testA" time="20.494"/>
</testsuite> <!-- script.Test1 -->
