<?xml version="1.0" encoding="UTF-8"?>
<!-- Generated by org.testng.reporters.JUnitReportReporter -->
<testsuite hostname="BLRPTSLT29SSJG3" failures="0" tests="1" name="p29.Demo2" time="9.059" errors="0" timestamp="02 Mar 2022 02:58:09 GMT" skipped="0">
  <testcase classname="p29.Demo2" name="testA" time="9.059"/>
</testsuite> <!-- p29.Demo2 -->
