<?xml version="1.0" encoding="UTF-8"?>
<!-- Generated by org.testng.reporters.JUnitReportReporter -->
<testsuite hostname="BLRPTSLT29SSJG3" failures="0" tests="1" name="script.Test1" time="14.496" errors="0" timestamp="07 Mar 2022 02:39:57 GMT" skipped="0">
  <testcase classname="script.Test1" name="testA" time="14.496"/>
</testsuite> <!-- script.Test1 -->
